mar. 13, 2025 10:15:00 AM liquibase.changelog
INFO: Reading resource: db/changelog/migrations/db.changelog-202503131000.sql
mar. 13, 2025 10:15:00 AM liquibase.changelog
INFO: Reading resource: db/changelog/migrations/db.changelog-202503131010.sql
mar. 13, 2025 10:15:00 AM liquibase.changelog
INFO: Reading resource: db/changelog/migrations/db.changelog-202503131020.sql
mar. 13, 2025 10:15:00 AM liquibase.changelog
INFO: Reading resource: db/changelog/migrations/db.changelog-202503131030.sql
mar. 13, 2025 10:15:00 AM liquibase.changelog
INFO: Reading resource: db/changelog/migrations/db.changelog-202503131040.sql
mar. 13, 2025 10:15:00 AM liquibase.changelog
INFO: Creating database history table with name: board.databasechangelog
mar. 13, 2025 10:15:01 AM liquibase.changelog
INFO: Reading from board.databasechangelog
mar. 13, 2025 10:15:01 AM liquibase.lockservice
INFO: Successfully acquired change log lock
mar. 13, 2025 10:15:01 AM liquibase.command
INFO: Using deploymentId: 1460607502
mar. 13, 2025 10:15:01 AM liquibase.changelog
INFO: Reading from board.databasechangelog
Running Changeset: db/changelog/migrations/db.changelog-202503131000.sql::202503131000::joao
mar. 13, 2025 10:15:01 AM liquibase.changelog
INFO: Custom SQL executed
mar. 13, 2025 10:15:01 AM liquibase.changelog
INFO: ChangeSet db/changelog/migrations/db.changelog-202503131000.sql::202503131000::joao ran successfully in 98ms
Running Changeset: db/changelog/migrations/db.changelog-202503131010.sql::202503131010::joao
mar. 13, 2025 10:15:01 AM liquibase.changelog
INFO: Custom SQL executed
mar. 13, 2025 10:15:01 AM liquibase.changelog
INFO: ChangeSet db/changelog/migrations/db.changelog-202503131010.sql::202503131010::joao ran successfully in 93ms
Running Changeset: db/changelog/migrations/db.changelog-202503131020.sql::202503131020::joao
mar. 13, 2025 10:15:01 AM liquibase.changelog
INFO: Custom SQL executed
mar. 13, 2025 10:15:01 AM liquibase.changelog
INFO: ChangeSet db/changelog/migrations/db.changelog-202503131020.sql::202503131020::joao ran successfully in 80ms
Running Changeset: db/changelog/migrations/db.changelog-202503131030.sql::202503131030::joao
mar. 13, 2025 10:15:01 AM liquibase.changelog
INFO: Custom SQL executed
mar. 13, 2025 10:15:01 AM liquibase.changelog
INFO: ChangeSet db/changelog/migrations/db.changelog-202503131030.sql::202503131030::joao ran successfully in 65ms
Running Changeset: db/changelog/migrations/db.changelog-202503131040.sql::202503131040::joao
mar. 13, 2025 10:15:02 AM liquibase.changelog
INFO: Custom SQL executed
mar. 13, 2025 10:15:02 AM liquibase.changelog
INFO: ChangeSet db/changelog/migrations/db.changelog-202503131040.sql::202503131040::joao ran successfully in 290ms

UPDATE SUMMARY
Run:                          5
Previously run:               0
Filtered out:                 0
-------------------------------
Total change sets:            5

mar. 13, 2025 10:15:02 AM liquibase.util
INFO: UPDATE SUMMARY
mar. 13, 2025 10:15:02 AM liquibase.util
INFO: Run:                          5
mar. 13, 2025 10:15:02 AM liquibase.util
INFO: Previously run:               0
mar. 13, 2025 10:15:02 AM liquibase.util
INFO: Filtered out:                 0
mar. 13, 2025 10:15:02 AM liquibase.util
INFO: -------------------------------
mar. 13, 2025 10:15:02 AM liquibase.util
INFO: Total change sets:            5
mar. 13, 2025 10:15:02 AM liquibase.util
INFO: Update summary generated
mar. 13, 2025 10:15:02 AM liquibase.command
INFO: Update command completed successfully.
Liquibase: Update has been successful. Rows affected: 5
mar. 13, 2025 10:15:02 AM liquibase.lockservice
INFO: Successfully released change log lock
mar. 13, 2025 10:15:02 AM liquibase.command
INFO: Command execution complete
